Fri 23 Sep 2022 03:56:27 PM UTC: 
 treemap.c | 11 ++++++++---
 1 file changed, 8 insertions(+), 3 deletions(-)
In file included from test.c:4:
treemap.c: In function ‘createTreeMap’:
treemap.c:41:18: error: expected expression before ‘TreeMap’
   41 |   TreeMap* map = TreeMap(lower_than(key1,key2));
      |                  ^~~~~~~
treemap.c:43:12: error: redefinition of ‘map’
   43 |   TreeMap* map = (TreeMap*) malloc(sizeof(TreeMap));
      |            ^~~
treemap.c:41:12: note: previous definition of ‘map’ was here
   41 |   TreeMap* map = TreeMap(lower_than(key1,key2));
      |            ^~~
treemap.c:43:12: error: unused variable ‘map’ [-Werror=unused-variable]
   43 |   TreeMap* map = (TreeMap*) malloc(sizeof(TreeMap));
      |            ^~~
cc1: all warnings being treated as errors
Compilation failed
b5b57e6
Fri 23 Sep 2022 03:56:32 PM UTC: 
In file included from test.c:4:
treemap.c: In function ‘createTreeMap’:
treemap.c:41:18: error: expected expression before ‘TreeMap’
   41 |   TreeMap* map = TreeMap(lower_than(key1,key2));
      |                  ^~~~~~~
treemap.c:43:12: error: redefinition of ‘map’
   43 |   TreeMap* map = (TreeMap*) malloc(sizeof(TreeMap));
      |            ^~~
treemap.c:41:12: note: previous definition of ‘map’ was here
   41 |   TreeMap* map = TreeMap(lower_than(key1,key2));
      |            ^~~
treemap.c:43:12: error: unused variable ‘map’ [-Werror=unused-variable]
   43 |   TreeMap* map = (TreeMap*) malloc(sizeof(TreeMap));
      |            ^~~
cc1: all warnings being treated as errors
Compilation failed
056f831
Fri 23 Sep 2022 04:17:21 PM UTC: 
 treemap.c | 19 ++++++++++++++-----
 1 file changed, 14 insertions(+), 5 deletions(-)
In file included from test.c:4:
treemap.c: In function ‘createTreeMap’:
treemap.c:41:18: error: expected expression before ‘TreeMap’
   41 |   TreeMap* map = TreeMap(lower_than(key1,key2));
      |                  ^~~~~~~
treemap.c:43:12: error: redefinition of ‘map’
   43 |   TreeMap* map = (TreeMap*) malloc(sizeof(TreeMap));
      |            ^~~
treemap.c:41:12: note: previous definition of ‘map’ was here
   41 |   TreeMap* map = TreeMap(lower_than(key1,key2));
      |            ^~~
treemap.c:43:12: error: unused variable ‘map’ [-Werror=unused-variable]
   43 |   TreeMap* map = (TreeMap*) malloc(sizeof(TreeMap));
      |            ^~~
treemap.c: In function ‘insertTreeMap’:
treemap.c:53:12: error: expected identifier before ‘=’ token
   53 |     tree-> = createTreeNode(key,value);
      |            ^
cc1: all warnings being treated as errors
Compilation failed
395d931
Fri 23 Sep 2022 04:19:35 PM UTC: 
 treemap.c | 12 ++++++++++--
 1 file changed, 10 insertions(+), 2 deletions(-)
In file included from test.c:4:
treemap.c: In function ‘createTreeMap’:
treemap.c:41:18: error: expected expression before ‘TreeMap’
   41 |   TreeMap* map = TreeMap(lower_than(key1,key2));
      |                  ^~~~~~~
treemap.c:43:12: error: redefinition of ‘map’
   43 |   TreeMap* map = (TreeMap*) malloc(sizeof(TreeMap));
      |            ^~~
treemap.c:41:12: note: previous definition of ‘map’ was here
   41 |   TreeMap* map = TreeMap(lower_than(key1,key2));
      |            ^~~
treemap.c:43:12: error: unused variable ‘map’ [-Werror=unused-variable]
   43 |   TreeMap* map = (TreeMap*) malloc(sizeof(TreeMap));
      |            ^~~
cc1: all warnings being treated as errors
Compilation failed
8309ac3
Fri 23 Sep 2022 04:27:23 PM UTC: 
 treemap.c | 11 +++++++++++
 1 file changed, 11 insertions(+)
In file included from test.c:4:
treemap.c: In function ‘createTreeMap’:
treemap.c:41:18: error: expected expression before ‘TreeMap’
   41 |   TreeMap* map = TreeMap(lower_than(key1,key2));
      |                  ^~~~~~~
treemap.c:43:12: error: redefinition of ‘map’
   43 |   TreeMap* map = (TreeMap*) malloc(sizeof(TreeMap));
      |            ^~~
treemap.c:41:12: note: previous definition of ‘map’ was here
   41 |   TreeMap* map = TreeMap(lower_than(key1,key2));
      |            ^~~
treemap.c:43:12: error: unused variable ‘map’ [-Werror=unused-variable]
   43 |   TreeMap* map = (TreeMap*) malloc(sizeof(TreeMap));
      |            ^~~
treemap.c: In function ‘insertTreeMap’:
treemap.c:63:57: error: expected ‘)’ before ‘{’ token
   63 |       if (tree->lower_than(key,tree->current->pair->key)
      |          ~                                              ^
      |                                                         )
   64 |       {
      |       ~                                                  
treemap.c:72:5: error: expected expression before ‘}’ token
   72 |     }
      |     ^
cc1: all warnings being treated as errors
Compilation failed
311baf7
Fri 23 Sep 2022 04:29:23 PM UTC: 
 treemap.c | 7 ++++++-
 1 file changed, 6 insertions(+), 1 deletion(-)
In file included from test.c:4:
treemap.c: In function ‘createTreeMap’:
treemap.c:41:18: error: expected expression before ‘TreeMap’
   41 |   TreeMap* map = TreeMap(lower_than(key1,key2));
      |                  ^~~~~~~
treemap.c:43:12: error: redefinition of ‘map’
   43 |   TreeMap* map = (TreeMap*) malloc(sizeof(TreeMap));
      |            ^~~
treemap.c:41:12: note: previous definition of ‘map’ was here
   41 |   TreeMap* map = TreeMap(lower_than(key1,key2));
      |            ^~~
treemap.c:43:12: error: unused variable ‘map’ [-Werror=unused-variable]
   43 |   TreeMap* map = (TreeMap*) malloc(sizeof(TreeMap));
      |            ^~~
treemap.c: In function ‘insertTreeMap’:
treemap.c:63:57: error: expected ‘)’ before ‘{’ token
   63 |       if (tree->lower_than(key,tree->current->pair->key)
      |          ~                                              ^
      |                                                         )
   64 |       {
      |       ~                                                  
treemap.c:77:5: error: expected expression before ‘}’ token
   77 |     }
      |     ^
cc1: all warnings being treated as errors
Compilation failed
cbaa71b
Fri 23 Sep 2022 04:29:25 PM UTC: 
In file included from test.c:4:
treemap.c: In function ‘createTreeMap’:
treemap.c:41:18: error: expected expression before ‘TreeMap’
   41 |   TreeMap* map = TreeMap(lower_than(key1,key2));
      |                  ^~~~~~~
treemap.c:43:12: error: redefinition of ‘map’
   43 |   TreeMap* map = (TreeMap*) malloc(sizeof(TreeMap));
      |            ^~~
treemap.c:41:12: note: previous definition of ‘map’ was here
   41 |   TreeMap* map = TreeMap(lower_than(key1,key2));
      |            ^~~
treemap.c:43:12: error: unused variable ‘map’ [-Werror=unused-variable]
   43 |   TreeMap* map = (TreeMap*) malloc(sizeof(TreeMap));
      |            ^~~
treemap.c: In function ‘insertTreeMap’:
treemap.c:63:57: error: expected ‘)’ before ‘{’ token
   63 |       if (tree->lower_than(key,tree->current->pair->key)
      |          ~                                              ^
      |                                                         )
   64 |       {
      |       ~                                                  
treemap.c:77:5: error: expected expression before ‘}’ token
   77 |     }
      |     ^
cc1: all warnings being treated as errors
Compilation failed
6571a4c
Fri 23 Sep 2022 04:29:27 PM UTC: 
In file included from test.c:4:
treemap.c: In function ‘createTreeMap’:
treemap.c:41:18: error: expected expression before ‘TreeMap’
   41 |   TreeMap* map = TreeMap(lower_than(key1,key2));
      |                  ^~~~~~~
treemap.c:43:12: error: redefinition of ‘map’
   43 |   TreeMap* map = (TreeMap*) malloc(sizeof(TreeMap));
      |            ^~~
treemap.c:41:12: note: previous definition of ‘map’ was here
   41 |   TreeMap* map = TreeMap(lower_than(key1,key2));
      |            ^~~
treemap.c:43:12: error: unused variable ‘map’ [-Werror=unused-variable]
   43 |   TreeMap* map = (TreeMap*) malloc(sizeof(TreeMap));
      |            ^~~
treemap.c: In function ‘insertTreeMap’:
treemap.c:63:57: error: expected ‘)’ before ‘{’ token
   63 |       if (tree->lower_than(key,tree->current->pair->key)
      |          ~                                              ^
      |                                                         )
   64 |       {
      |       ~                                                  
treemap.c:77:5: error: expected expression before ‘}’ token
   77 |     }
      |     ^
cc1: all warnings being treated as errors
Compilation failed
e50d671
Fri 23 Sep 2022 04:29:29 PM UTC: 
In file included from test.c:4:
treemap.c: In function ‘createTreeMap’:
treemap.c:41:18: error: expected expression before ‘TreeMap’
   41 |   TreeMap* map = TreeMap(lower_than(key1,key2));
      |                  ^~~~~~~
treemap.c:43:12: error: redefinition of ‘map’
   43 |   TreeMap* map = (TreeMap*) malloc(sizeof(TreeMap));
      |            ^~~
treemap.c:41:12: note: previous definition of ‘map’ was here
   41 |   TreeMap* map = TreeMap(lower_than(key1,key2));
      |            ^~~
treemap.c:43:12: error: unused variable ‘map’ [-Werror=unused-variable]
   43 |   TreeMap* map = (TreeMap*) malloc(sizeof(TreeMap));
      |            ^~~
treemap.c: In function ‘insertTreeMap’:
treemap.c:63:57: error: expected ‘)’ before ‘{’ token
   63 |       if (tree->lower_than(key,tree->current->pair->key)
      |          ~                                              ^
      |                                                         )
   64 |       {
      |       ~                                                  
treemap.c:77:5: error: expected expression before ‘}’ token
   77 |     }
      |     ^
cc1: all warnings being treated as errors
Compilation failed
1120b2d
Fri 23 Sep 2022 04:29:39 PM UTC: 
In file included from test.c:4:
treemap.c: In function ‘createTreeMap’:
treemap.c:41:18: error: expected expression before ‘TreeMap’
   41 |   TreeMap* map = TreeMap(lower_than(key1,key2));
      |                  ^~~~~~~
treemap.c:43:12: error: redefinition of ‘map’
   43 |   TreeMap* map = (TreeMap*) malloc(sizeof(TreeMap));
      |            ^~~
treemap.c:41:12: note: previous definition of ‘map’ was here
   41 |   TreeMap* map = TreeMap(lower_than(key1,key2));
      |            ^~~
treemap.c:43:12: error: unused variable ‘map’ [-Werror=unused-variable]
   43 |   TreeMap* map = (TreeMap*) malloc(sizeof(TreeMap));
      |            ^~~
treemap.c: In function ‘insertTreeMap’:
treemap.c:63:57: error: expected ‘)’ before ‘{’ token
   63 |       if (tree->lower_than(key,tree->current->pair->key)
      |          ~                                              ^
      |                                                         )
   64 |       {
      |       ~                                                  
treemap.c:77:5: error: expected expression before ‘}’ token
   77 |     }
      |     ^
cc1: all warnings being treated as errors
Compilation failed
a8d6f69
Fri 23 Sep 2022 04:29:59 PM UTC: 
In file included from test.c:4:
treemap.c: In function ‘createTreeMap’:
treemap.c:41:18: error: expected expression before ‘TreeMap’
   41 |   TreeMap* map = TreeMap(lower_than(key1,key2));
      |                  ^~~~~~~
treemap.c:43:12: error: redefinition of ‘map’
   43 |   TreeMap* map = (TreeMap*) malloc(sizeof(TreeMap));
      |            ^~~
treemap.c:41:12: note: previous definition of ‘map’ was here
   41 |   TreeMap* map = TreeMap(lower_than(key1,key2));
      |            ^~~
treemap.c:43:12: error: unused variable ‘map’ [-Werror=unused-variable]
   43 |   TreeMap* map = (TreeMap*) malloc(sizeof(TreeMap));
      |            ^~~
treemap.c: In function ‘insertTreeMap’:
treemap.c:63:57: error: expected ‘)’ before ‘{’ token
   63 |       if (tree->lower_than(key,tree->current->pair->key)
      |          ~                                              ^
      |                                                         )
   64 |       {
      |       ~                                                  
treemap.c:77:5: error: expected expression before ‘}’ token
   77 |     }
      |     ^
cc1: all warnings being treated as errors
Compilation failed
7806a8a
Fri 23 Sep 2022 04:33:13 PM UTC: 
 treemap.c | 0
 1 file changed, 0 insertions(+), 0 deletions(-)
In file included from test.c:4:
treemap.c: In function ‘createTreeMap’:
treemap.c:41:18: error: expected expression before ‘TreeMap’
   41 |   TreeMap* map = TreeMap(lower_than(key1,key2));
      |                  ^~~~~~~
treemap.c:43:12: error: redefinition of ‘map’
   43 |   TreeMap* map = (TreeMap*) malloc(sizeof(TreeMap));
      |            ^~~
treemap.c:41:12: note: previous definition of ‘map’ was here
   41 |   TreeMap* map = TreeMap(lower_than(key1,key2));
      |            ^~~
treemap.c:43:12: error: unused variable ‘map’ [-Werror=unused-variable]
   43 |   TreeMap* map = (TreeMap*) malloc(sizeof(TreeMap));
      |            ^~~
treemap.c: In function ‘insertTreeMap’:
treemap.c:62:57: error: expected ‘)’ before ‘{’ token
   62 |       if (tree->lower_than(key,tree->current->pair->key)
      |          ~                                              ^
      |                                                         )
   63 |       {
      |       ~                                                  
treemap.c:76:5: error: expected expression before ‘}’ token
   76 |     }
      |     ^
cc1: all warnings being treated as errors
Compilation failed
19a8e5b
Fri 23 Sep 2022 04:34:40 PM UTC: 
In file included from test.c:4:
treemap.c: In function ‘createTreeMap’:
treemap.c:41:18: error: expected expression before ‘TreeMap’
   41 |   TreeMap* map = TreeMap(lower_than(key1,key2));
      |                  ^~~~~~~
treemap.c:43:12: error: redefinition of ‘map’
   43 |   TreeMap* map = (TreeMap*) malloc(sizeof(TreeMap));
      |            ^~~
treemap.c:41:12: note: previous definition of ‘map’ was here
   41 |   TreeMap* map = TreeMap(lower_than(key1,key2));
      |            ^~~
treemap.c:43:12: error: unused variable ‘map’ [-Werror=unused-variable]
   43 |   TreeMap* map = (TreeMap*) malloc(sizeof(TreeMap));
      |            ^~~
treemap.c: In function ‘insertTreeMap’:
treemap.c:62:57: error: expected ‘)’ before ‘{’ token
   62 |       if (tree->lower_than(key,tree->current->pair->key)
      |          ~                                              ^
      |                                                         )
   63 |       {
      |       ~                                                  
treemap.c:76:5: error: expected expression before ‘}’ token
   76 |     }
      |     ^
cc1: all warnings being treated as errors
Compilation failed
7a918be
Sun 25 Sep 2022 11:09:32 PM UTC: 
 treemap.c | 1 +
 1 file changed, 1 insertion(+)
In file included from test.c:4:
treemap.c: In function ‘createTreeMap’:
treemap.c:41:18: error: expected expression before ‘TreeMap’
   41 |   TreeMap* map = TreeMap(lower_than(key1,key2));
      |                  ^~~~~~~
treemap.c:43:12: error: redefinition of ‘map’
   43 |   TreeMap* map = (TreeMap*) malloc(sizeof(TreeMap));
      |            ^~~
treemap.c:41:12: note: previous definition of ‘map’ was here
   41 |   TreeMap* map = TreeMap(lower_than(key1,key2));
      |            ^~~
treemap.c:43:12: error: unused variable ‘map’ [-Werror=unused-variable]
   43 |   TreeMap* map = (TreeMap*) malloc(sizeof(TreeMap));
      |            ^~~
treemap.c: In function ‘insertTreeMap’:
treemap.c:62:57: error: expected ‘)’ before ‘{’ token
   62 |       if (tree->lower_than(key,tree->current->pair->key)
      |          ~                                              ^
      |                                                         )
   63 |       {
      |       ~                                                  
treemap.c:77:5: error: expected expression before ‘}’ token
   77 |     }
      |     ^
cc1: all warnings being treated as errors
Compilation failed
07bf2fe
Sun 25 Sep 2022 11:11:27 PM UTC: 
 treemap.c | 2 +-
 1 file changed, 1 insertion(+), 1 deletion(-)
In file included from test.c:4:
treemap.c: In function ‘createTreeMap’:
treemap.c:41:18: error: expected expression before ‘TreeMap’
   41 |   TreeMap* map = TreeMap(lower_than(key1,key2));
      |                  ^~~~~~~
treemap.c:42:12: error: redefinition of ‘map’
   42 |   TreeMap* map = (TreeMap*) malloc(sizeof(TreeMap));
      |            ^~~
treemap.c:41:12: note: previous definition of ‘map’ was here
   41 |   TreeMap* map = TreeMap(lower_than(key1,key2));
      |            ^~~
treemap.c: In function ‘insertTreeMap’:
treemap.c:62:57: error: expected ‘)’ before ‘{’ token
   62 |       if (tree->lower_than(key,tree->current->pair->key)
      |          ~                                              ^
      |                                                         )
   63 |       {
      |       ~                                                  
treemap.c:77:5: error: expected expression before ‘}’ token
   77 |     }
      |     ^
Compilation failed
7d876e3
Sun 25 Sep 2022 11:15:21 PM UTC: 
 treemap.c | 2 +-
 1 file changed, 1 insertion(+), 1 deletion(-)
In file included from test.c:4:
treemap.c: In function ‘createTreeMap’:
treemap.c:42:12: error: redefinition of ‘map’
   42 |   TreeMap* map = TreeMap(lower_than(key1,key2));
      |            ^~~
treemap.c:41:12: note: previous definition of ‘map’ was here
   41 |   TreeMap* map = (TreeMap*) malloc(sizeof(TreeMap));
      |            ^~~
treemap.c:42:18: error: expected expression before ‘TreeMap’
   42 |   TreeMap* map = TreeMap(lower_than(key1,key2));
      |                  ^~~~~~~
treemap.c: In function ‘insertTreeMap’:
treemap.c:62:57: error: expected ‘)’ before ‘{’ token
   62 |       if (tree->lower_than(key,tree->current->pair->key)
      |          ~                                              ^
      |                                                         )
   63 |       {
      |       ~                                                  
treemap.c:77:5: error: expected expression before ‘}’ token
   77 |     }
      |     ^
Compilation failed
1774efe
Sun 25 Sep 2022 11:17:05 PM UTC: 
 treemap.c | 3 ++-
 1 file changed, 2 insertions(+), 1 deletion(-)
In file included from test.c:4:
treemap.c: In function ‘insertTreeMap’:
treemap.c:63:57: error: expected ‘)’ before ‘{’ token
   63 |       if (tree->lower_than(key,tree->current->pair->key)
      |          ~                                              ^
      |                                                         )
   64 |       {
      |       ~                                                  
treemap.c:78:5: error: expected expression before ‘}’ token
   78 |     }
      |     ^
Compilation failed
74ababe
Sun 25 Sep 2022 11:18:05 PM UTC: 
 treemap.c | 34 ----------------------------------
 1 file changed, 34 deletions(-)
 tests:  1|8
total_score: 0/70
4faa150
Sun 25 Sep 2022 11:18:16 PM UTC: 
 treemap.c | 2 +-
 1 file changed, 1 insertion(+), 1 deletion(-)
 tests:  4|7
total_score: 5/70
abb2c84
Sun 25 Sep 2022 11:28:16 PM UTC: 
 treemap.c | 24 ++++++++++++++++++++++++
 1 file changed, 24 insertions(+)
In file included from test.c:4:
treemap.c: In function ‘searchTreeMap’:
treemap.c:92:32: error: expected ‘;’ before ‘}’ token
   92 |           return(nodoAct->pair)
      |                                ^
      |                                ;
   93 |         }
      |         ~                       
Compilation failed
0461681
Sun 25 Sep 2022 11:28:30 PM UTC: 
 treemap.c | 2 +-
 1 file changed, 1 insertion(+), 1 deletion(-)
 tests:  11|6
total_score: 15/70
52dc9e1
Sun 25 Sep 2022 11:31:10 PM UTC: 
 treemap.c | 10 ++++++++++
 1 file changed, 10 insertions(+)
 tests:  11|6
total_score: 15/70
f96d98c
Sun 25 Sep 2022 11:37:39 PM UTC: 
 treemap.c | 30 +++++++++++++++++++++++++++---
 1 file changed, 27 insertions(+), 3 deletions(-)
 tests:  13|5
total_score: 25/70
543591b
Sun 25 Sep 2022 11:37:46 PM UTC: 
 treemap.c | 2 +-
 1 file changed, 1 insertion(+), 1 deletion(-)
In file included from test.c:4:
treemap.c: In function ‘insertTreeMap’:
treemap.c:79:33: error: expected ‘;’ before ‘}’ token
   79 |         tree->current->left=nodo
      |                                 ^
      |                                 ;
   80 |       }
      |       ~                          
Compilation failed
c826d63
Sun 25 Sep 2022 11:37:52 PM UTC: 
 treemap.c | 2 +-
 1 file changed, 1 insertion(+), 1 deletion(-)
 tests:  13|5
total_score: 25/70
870164d
Sun 25 Sep 2022 11:39:05 PM UTC: 
 treemap.c | 7 ++++++-
 1 file changed, 6 insertions(+), 1 deletion(-)
In file included from test.c:4:
treemap.c: In function ‘minimum’:
treemap.c:94:10: error: ‘TreeNode’ has no member named ‘LEFT’
   94 |       x=x->LEFT;
      |          ^~
treemap.c:97:11: error: expected ‘;’ before ‘}’ token
   97 |   return x
      |           ^
      |           ;
   98 | 
   99 | }
      | ~          
Compilation failed
09e2d36
Sun 25 Sep 2022 11:39:14 PM UTC: 
 treemap.c | 4 ++--
 1 file changed, 2 insertions(+), 2 deletions(-)
 tests:  15|4
total_score: 25/70
5779fc4
Sun 25 Sep 2022 11:40:23 PM UTC: 
 treemap.c | 8 +-------
 1 file changed, 1 insertion(+), 7 deletions(-)
 tests:  13|5
total_score: 25/70
cc338bf
Sun 25 Sep 2022 11:40:35 PM UTC: 
 treemap.c | 7 ++++++-
 1 file changed, 6 insertions(+), 1 deletion(-)
 tests:  15|4
total_score: 25/70
2c3fed7
